<?xml version="1.0" encoding="UTF-8"?>
<testsuite name="com.example.prueba.UnitTest" tests="7" skipped="0" failures="0" errors="0" timestamp="2025-12-16T03:54:26.079Z" hostname="LITO" time="1.969">
  <properties/>
  <testcase name="loginWithDefaultAdmin_isSuccessful()" classname="com.example.prueba.UnitTest" time="1.879"/>
  <testcase name="filterScheduleBySubject_works()" classname="com.example.prueba.UnitTest" time="0.016"/>
  <testcase name="checkClassStructure()" classname="com.example.prueba.UnitTest" time="0.01"/>
  <testcase name="getSchedule_returnsList()" classname="com.example.prueba.UnitTest" time="0.008"/>
  <testcase name="filterScheduleByProfessor_works()" classname="com.example.prueba.UnitTest" time="0.007"/>
  <testcase name="loginWithWrongCredentials_fails()" classname="com.example.prueba.UnitTest" time="0.017"/>
  <testcase name="registerNewUser_isSuccessful()" classname="com.example.prueba.UnitTest" time="0.017"/>
  <system-out><![CDATA[TEST LOG [SchoolRepository]: Login failed: {"error":"Unauthorized"}
]]></system-out>
  <system-err><![CDATA[WARNING: A Java agent has been loaded dynamically (C:\Users\juerz\.gradle\caches\modules-2\files-2.1\net.bytebuddy\byte-buddy-agent\1.14.6\46e2545d7a97b6ccb195621650c5957279eb4812\byte-buddy-agent-1.14.6.jar)
WARNING: If a serviceability tool is in use, please run with -XX:+EnableDynamicAgentLoading to hide this warning
WARNING: If a serviceability tool is not in use, please run with -Djdk.instrument.traceUsage for more information
WARNING: Dynamic loading of agents will be disallowed by default in a future release
]]></system-err>
</testsuite>
